Execute Anonymous

================================

//string sSOQLstatement;
list<string> sOrgs = new list<string>();
list<AggregateResult> copadoOrgs = [SELECT 		copado__Org__r.name, 
                                    Count_DISTINCT(name) 
                                    FROM 		copado__Apex_Test_Result__c 
                                    GROUP BY 	copado__Org__r.name];

system.debug(copadoOrgs + '<=====================');

For(AggregateResult Org: copadoOrgs)
{
    //map<string,aggregateResult> test = (map<string,aggregateResult>)org;
	system.debug(org.get('name'));
}

//list<string> sOrgs = new list<string>(sSOQLstatement);



================================

31.0 APEX_CODE,DEBUG;APEX_PROFILING,DEBUG;CALLOUT,INFO;DB,INFO;VALIDATION,INFO;WORKFLOW,INFO
Execute Anonymous: //string sSOQLstatement;
Execute Anonymous: list<string> sOrgs = new list<string>();
Execute Anonymous: list<AggregateResult> copadoOrgs = [SELECT 		copado__Org__r.name, 
Execute Anonymous:                                     Count_DISTINCT(name) 
Execute Anonymous:                                     FROM 		copado__Apex_Test_Result__c 
Execute Anonymous:                                     GROUP BY 	copado__Org__r.name];
Execute Anonymous: 
Execute Anonymous: system.debug(copadoOrgs + '<=====================');
Execute Anonymous: 
Execute Anonymous: For(AggregateResult Org: copadoOrgs)
Execute Anonymous: {
Execute Anonymous:     //map<string,aggregateResult> test = (map<string,aggregateResult>)org;
Execute Anonymous: 	system.debug(org.get('name'));
Execute Anonymous: }
Execute Anonymous: 
Execute Anonymous: //list<string> sOrgs = new list<string>(sSOQLstatement);
Execute Anonymous: 
15:14:25.035 (35450760)|EXECUTION_STARTED
15:14:25.035 (35465909)|CODE_UNIT_STARTED|[EXTERNAL]|execute_anonymous_apex
15:14:25.036 (36581228)|SOQL_EXECUTE_BEGIN|[3]|Aggregations:0|SELECT copado__Org__r.name, COUNT_DISTINCT(name) FROM copado__Apex_Test_Result__c GROUP BY copado__Org__r.name
15:14:25.045 (45161485)|SOQL_EXECUTE_END|[3]|Rows:0
15:14:25.045 (45361405)|USER_DEBUG|[8]|DEBUG|()<=====================
15:14:25.045 (45702739)|CUMULATIVE_LIMIT_USAGE
15:14:25.045 (45702739)|LIMIT_USAGE_FOR_NS|(default)|
  Number of SOQL queries: 1 out of 100
  Number of query rows: 0 out of 50000
  Number of SOSL queries: 0 out of 20
  Number of DML statements: 0 out of 150
  Number of DML rows: 0 out of 10000
  Maximum CPU time: 0 out of 10000
  Maximum heap size: 0 out of 6000000
  Number of callouts: 0 out of 100
  Number of Email Invocations: 0 out of 10
  Number of future calls: 0 out of 50
  Number of queueable jobs added to the queue: 0 out of 50
  Number of Mobile Apex push calls: 0 out of 10

15:14:25.045 (45702739)|CUMULATIVE_LIMIT_USAGE_END

15:14:25.045 (45756890)|CODE_UNIT_FINISHED|execute_anonymous_apex
15:14:25.046 (46972240)|EXECUTION_FINISHED